<?xml version="1.0" encoding="UTF-8" ?>
<testsuite failures="0" time="0.42" errors="0" skipped="0" tests="4" name="eep.sippr.eepj.service.CourseCategoryServiceTest">
  <properties>
[...]
</properties>
  <testcase time="0.007" classname="eep.sippr.eepj.service.CourseCategoryServiceTest" name="testDeleteByPrimaryKey"/>
  <testcase time="0.003" classname="eep.sippr.eepj.service.CourseCategoryServiceTest" name="testUpdateByPrimaryKey"/>
  <testcase time="0.36" classname="eep.sippr.eepj.service.CourseCategoryServiceTest" name="testInsert"/>
  <testcase time="0.05" classname="eep.sippr.eepj.service.CourseCategoryServiceTest" name="testQueryByPage"/>
</testsuite>